C:\USERS\JONATHAN CHU\DOCUMENTS\MY DROPBOX\SCHOOL WORK\FALL 2012\CSCI 480\PROJECT 3\ASSIGN3\ASSIGN3\DEBUG\ASSIGN3.EXE.EMBED.MANIFEST
C:\USERS\JONATHAN CHU\DOCUMENTS\MY DROPBOX\SCHOOL WORK\FALL 2012\CSCI 480\PROJECT 3\ASSIGN3\ASSIGN3\DEBUG\ASSIGN3.EXE.EMBED.MANIFEST.RES
C:\USERS\JONATHAN CHU\DOCUMENTS\MY DROPBOX\SCHOOL WORK\FALL 2012\CSCI 480\PROJECT 3\ASSIGN3\ASSIGN3\DEBUG\ASSIGN3.EXE.INTERMEDIATE.MANIFEST
C:\USERS\JONATHAN CHU\DOCUMENTS\MY DROPBOX\SCHOOL WORK\FALL 2012\CSCI 480\PROJECT 3\ASSIGN3\ASSIGN3\DEBUG\ASSIGN3.OBJ
C:\Users\Jonathan Chu\Documents\My Dropbox\School Work\Fall 2012\CSCI 480\Project 3\assign3\assign3\Debug\assign3_manifest.rc
C:\Users\Jonathan Chu\Documents\My Dropbox\School Work\Fall 2012\CSCI 480\Project 3\assign3\assign3\Debug\cl.command.1.tlog
C:\Users\Jonathan Chu\Documents\My Dropbox\School Work\Fall 2012\CSCI 480\Project 3\assign3\assign3\Debug\CL.read.1.tlog
C:\Users\Jonathan Chu\Documents\My Dropbox\School Work\Fall 2012\CSCI 480\Project 3\assign3\assign3\Debug\CL.write.1.tlog
C:\Users\Jonathan Chu\Documents\My Dropbox\School Work\Fall 2012\CSCI 480\Project 3\assign3\assign3\Debug\link.1196.read.1.tlog
C:\Users\Jonathan Chu\Documents\My Dropbox\School Work\Fall 2012\CSCI 480\Project 3\assign3\assign3\Debug\link.1196.write.1.tlog
C:\Users\Jonathan Chu\Documents\My Dropbox\School Work\Fall 2012\CSCI 480\Project 3\assign3\assign3\Debug\link.1196-cvtres.read.1.tlog
C:\Users\Jonathan Chu\Documents\My Dropbox\School Work\Fall 2012\CSCI 480\Project 3\assign3\assign3\Debug\link.1196-cvtres.write.1.tlog
C:\Users\Jonathan Chu\Documents\My Dropbox\School Work\Fall 2012\CSCI 480\Project 3\assign3\assign3\Debug\link.2172.read.1.tlog
C:\Users\Jonathan Chu\Documents\My Dropbox\School Work\Fall 2012\CSCI 480\Project 3\assign3\assign3\Debug\link.2172.write.1.tlog
C:\Users\Jonathan Chu\Documents\My Dropbox\School Work\Fall 2012\CSCI 480\Project 3\assign3\assign3\Debug\link.2172-cvtres.read.1.tlog
C:\Users\Jonathan Chu\Documents\My Dropbox\School Work\Fall 2012\CSCI 480\Project 3\assign3\assign3\Debug\link.2172-cvtres.write.1.tlog
C:\Users\Jonathan Chu\Documents\My Dropbox\School Work\Fall 2012\CSCI 480\Project 3\assign3\assign3\Debug\link.2688.read.1.tlog
C:\Users\Jonathan Chu\Documents\My Dropbox\School Work\Fall 2012\CSCI 480\Project 3\assign3\assign3\Debug\link.2688.write.1.tlog
C:\Users\Jonathan Chu\Documents\My Dropbox\School Work\Fall 2012\CSCI 480\Project 3\assign3\assign3\Debug\link.2688-cvtres.read.1.tlog
C:\Users\Jonathan Chu\Documents\My Dropbox\School Work\Fall 2012\CSCI 480\Project 3\assign3\assign3\Debug\link.2688-cvtres.write.1.tlog
C:\Users\Jonathan Chu\Documents\My Dropbox\School Work\Fall 2012\CSCI 480\Project 3\assign3\assign3\Debug\link.3388.read.1.tlog
C:\Users\Jonathan Chu\Documents\My Dropbox\School Work\Fall 2012\CSCI 480\Project 3\assign3\assign3\Debug\link.3388.write.1.tlog
C:\Users\Jonathan Chu\Documents\My Dropbox\School Work\Fall 2012\CSCI 480\Project 3\assign3\assign3\Debug\link.3388-cvtres.read.1.tlog
C:\Users\Jonathan Chu\Documents\My Dropbox\School Work\Fall 2012\CSCI 480\Project 3\assign3\assign3\Debug\link.3388-cvtres.write.1.tlog
C:\Users\Jonathan Chu\Documents\My Dropbox\School Work\Fall 2012\CSCI 480\Project 3\assign3\assign3\Debug\link.3532.read.1.tlog
C:\Users\Jonathan Chu\Documents\My Dropbox\School Work\Fall 2012\CSCI 480\Project 3\assign3\assign3\Debug\link.3532.write.1.tlog
C:\Users\Jonathan Chu\Documents\My Dropbox\School Work\Fall 2012\CSCI 480\Project 3\assign3\assign3\Debug\link.3532-cvtres.read.1.tlog
C:\Users\Jonathan Chu\Documents\My Dropbox\School Work\Fall 2012\CSCI 480\Project 3\assign3\assign3\Debug\link.3532-cvtres.write.1.tlog
C:\Users\Jonathan Chu\Documents\My Dropbox\School Work\Fall 2012\CSCI 480\Project 3\assign3\assign3\Debug\link.4136.read.1.tlog
C:\Users\Jonathan Chu\Documents\My Dropbox\School Work\Fall 2012\CSCI 480\Project 3\assign3\assign3\Debug\link.4136.write.1.tlog
C:\Users\Jonathan Chu\Documents\My Dropbox\School Work\Fall 2012\CSCI 480\Project 3\assign3\assign3\Debug\link.4136-cvtres.read.1.tlog
C:\Users\Jonathan Chu\Documents\My Dropbox\School Work\Fall 2012\CSCI 480\Project 3\assign3\assign3\Debug\link.4136-cvtres.write.1.tlog
C:\Users\Jonathan Chu\Documents\My Dropbox\School Work\Fall 2012\CSCI 480\Project 3\assign3\assign3\Debug\link.4360.read.1.tlog
C:\Users\Jonathan Chu\Documents\My Dropbox\School Work\Fall 2012\CSCI 480\Project 3\assign3\assign3\Debug\link.4360.write.1.tlog
C:\Users\Jonathan Chu\Documents\My Dropbox\School Work\Fall 2012\CSCI 480\Project 3\assign3\assign3\Debug\link.4360-cvtres.read.1.tlog
C:\Users\Jonathan Chu\Documents\My Dropbox\School Work\Fall 2012\CSCI 480\Project 3\assign3\assign3\Debug\link.4360-cvtres.write.1.tlog
C:\Users\Jonathan Chu\Documents\My Dropbox\School Work\Fall 2012\CSCI 480\Project 3\assign3\assign3\Debug\link.4436.read.1.tlog
C:\Users\Jonathan Chu\Documents\My Dropbox\School Work\Fall 2012\CSCI 480\Project 3\assign3\assign3\Debug\link.4436.write.1.tlog
C:\Users\Jonathan Chu\Documents\My Dropbox\School Work\Fall 2012\CSCI 480\Project 3\assign3\assign3\Debug\link.4436-cvtres.read.1.tlog
C:\Users\Jonathan Chu\Documents\My Dropbox\School Work\Fall 2012\CSCI 480\Project 3\assign3\assign3\Debug\link.4436-cvtres.write.1.tlog
C:\Users\Jonathan Chu\Documents\My Dropbox\School Work\Fall 2012\CSCI 480\Project 3\assign3\assign3\Debug\link.5388.read.1.tlog
C:\Users\Jonathan Chu\Documents\My Dropbox\School Work\Fall 2012\CSCI 480\Project 3\assign3\assign3\Debug\link.5388.write.1.tlog
C:\Users\Jonathan Chu\Documents\My Dropbox\School Work\Fall 2012\CSCI 480\Project 3\assign3\assign3\Debug\link.5388-cvtres.read.1.tlog
C:\Users\Jonathan Chu\Documents\My Dropbox\School Work\Fall 2012\CSCI 480\Project 3\assign3\assign3\Debug\link.5388-cvtres.write.1.tlog
C:\Users\Jonathan Chu\Documents\My Dropbox\School Work\Fall 2012\CSCI 480\Project 3\assign3\assign3\Debug\link.5408.read.1.tlog
C:\Users\Jonathan Chu\Documents\My Dropbox\School Work\Fall 2012\CSCI 480\Project 3\assign3\assign3\Debug\link.5408.write.1.tlog
C:\Users\Jonathan Chu\Documents\My Dropbox\School Work\Fall 2012\CSCI 480\Project 3\assign3\assign3\Debug\link.5408-cvtres.read.1.tlog
C:\Users\Jonathan Chu\Documents\My Dropbox\School Work\Fall 2012\CSCI 480\Project 3\assign3\assign3\Debug\link.5408-cvtres.write.1.tlog
C:\Users\Jonathan Chu\Documents\My Dropbox\School Work\Fall 2012\CSCI 480\Project 3\assign3\assign3\Debug\link.5748.read.1.tlog
C:\Users\Jonathan Chu\Documents\My Dropbox\School Work\Fall 2012\CSCI 480\Project 3\assign3\assign3\Debug\link.5748.write.1.tlog
C:\Users\Jonathan Chu\Documents\My Dropbox\School Work\Fall 2012\CSCI 480\Project 3\assign3\assign3\Debug\link.5748-cvtres.read.1.tlog
C:\Users\Jonathan Chu\Documents\My Dropbox\School Work\Fall 2012\CSCI 480\Project 3\assign3\assign3\Debug\link.5748-cvtres.write.1.tlog
C:\Users\Jonathan Chu\Documents\My Dropbox\School Work\Fall 2012\CSCI 480\Project 3\assign3\assign3\Debug\link.5816.read.1.tlog
C:\Users\Jonathan Chu\Documents\My Dropbox\School Work\Fall 2012\CSCI 480\Project 3\assign3\assign3\Debug\link.5816.write.1.tlog
C:\Users\Jonathan Chu\Documents\My Dropbox\School Work\Fall 2012\CSCI 480\Project 3\assign3\assign3\Debug\link.5816-cvtres.read.1.tlog
C:\Users\Jonathan Chu\Documents\My Dropbox\School Work\Fall 2012\CSCI 480\Project 3\assign3\assign3\Debug\link.5816-cvtres.write.1.tlog
C:\Users\Jonathan Chu\Documents\My Dropbox\School Work\Fall 2012\CSCI 480\Project 3\assign3\assign3\Debug\link.5840.read.1.tlog
C:\Users\Jonathan Chu\Documents\My Dropbox\School Work\Fall 2012\CSCI 480\Project 3\assign3\assign3\Debug\link.5840.write.1.tlog
C:\Users\Jonathan Chu\Documents\My Dropbox\School Work\Fall 2012\CSCI 480\Project 3\assign3\assign3\Debug\link.5840-cvtres.read.1.tlog
C:\Users\Jonathan Chu\Documents\My Dropbox\School Work\Fall 2012\CSCI 480\Project 3\assign3\assign3\Debug\link.5840-cvtres.write.1.tlog
C:\Users\Jonathan Chu\Documents\My Dropbox\School Work\Fall 2012\CSCI 480\Project 3\assign3\assign3\Debug\link.6056.read.1.tlog
C:\Users\Jonathan Chu\Documents\My Dropbox\School Work\Fall 2012\CSCI 480\Project 3\assign3\assign3\Debug\link.6056.write.1.tlog
C:\Users\Jonathan Chu\Documents\My Dropbox\School Work\Fall 2012\CSCI 480\Project 3\assign3\assign3\Debug\link.6056-cvtres.read.1.tlog
C:\Users\Jonathan Chu\Documents\My Dropbox\School Work\Fall 2012\CSCI 480\Project 3\assign3\assign3\Debug\link.6056-cvtres.write.1.tlog
C:\Users\Jonathan Chu\Documents\My Dropbox\School Work\Fall 2012\CSCI 480\Project 3\assign3\assign3\Debug\link.6180.read.1.tlog
C:\Users\Jonathan Chu\Documents\My Dropbox\School Work\Fall 2012\CSCI 480\Project 3\assign3\assign3\Debug\link.6180.write.1.tlog
C:\Users\Jonathan Chu\Documents\My Dropbox\School Work\Fall 2012\CSCI 480\Project 3\assign3\assign3\Debug\link.6180-cvtres.read.1.tlog
C:\Users\Jonathan Chu\Documents\My Dropbox\School Work\Fall 2012\CSCI 480\Project 3\assign3\assign3\Debug\link.6180-cvtres.write.1.tlog
C:\Users\Jonathan Chu\Documents\My Dropbox\School Work\Fall 2012\CSCI 480\Project 3\assign3\assign3\Debug\link.6336.read.1.tlog
C:\Users\Jonathan Chu\Documents\My Dropbox\School Work\Fall 2012\CSCI 480\Project 3\assign3\assign3\Debug\link.6336.write.1.tlog
C:\Users\Jonathan Chu\Documents\My Dropbox\School Work\Fall 2012\CSCI 480\Project 3\assign3\assign3\Debug\link.6336-cvtres.read.1.tlog
C:\Users\Jonathan Chu\Documents\My Dropbox\School Work\Fall 2012\CSCI 480\Project 3\assign3\assign3\Debug\link.6336-cvtres.write.1.tlog
C:\Users\Jonathan Chu\Documents\My Dropbox\School Work\Fall 2012\CSCI 480\Project 3\assign3\assign3\Debug\link.6372.read.1.tlog
C:\Users\Jonathan Chu\Documents\My Dropbox\School Work\Fall 2012\CSCI 480\Project 3\assign3\assign3\Debug\link.6372.write.1.tlog
C:\Users\Jonathan Chu\Documents\My Dropbox\School Work\Fall 2012\CSCI 480\Project 3\assign3\assign3\Debug\link.6372-cvtres.read.1.tlog
C:\Users\Jonathan Chu\Documents\My Dropbox\School Work\Fall 2012\CSCI 480\Project 3\assign3\assign3\Debug\link.6372-cvtres.write.1.tlog
C:\Users\Jonathan Chu\Documents\My Dropbox\School Work\Fall 2012\CSCI 480\Project 3\assign3\assign3\Debug\link.6740.read.1.tlog
C:\Users\Jonathan Chu\Documents\My Dropbox\School Work\Fall 2012\CSCI 480\Project 3\assign3\assign3\Debug\link.6740.write.1.tlog
C:\Users\Jonathan Chu\Documents\My Dropbox\School Work\Fall 2012\CSCI 480\Project 3\assign3\assign3\Debug\link.6740-cvtres.read.1.tlog
C:\Users\Jonathan Chu\Documents\My Dropbox\School Work\Fall 2012\CSCI 480\Project 3\assign3\assign3\Debug\link.6740-cvtres.write.1.tlog
C:\Users\Jonathan Chu\Documents\My Dropbox\School Work\Fall 2012\CSCI 480\Project 3\assign3\assign3\Debug\link.6824.read.1.tlog
C:\Users\Jonathan Chu\Documents\My Dropbox\School Work\Fall 2012\CSCI 480\Project 3\assign3\assign3\Debug\link.6824.write.1.tlog
C:\Users\Jonathan Chu\Documents\My Dropbox\School Work\Fall 2012\CSCI 480\Project 3\assign3\assign3\Debug\link.6824-cvtres.read.1.tlog
C:\Users\Jonathan Chu\Documents\My Dropbox\School Work\Fall 2012\CSCI 480\Project 3\assign3\assign3\Debug\link.6824-cvtres.write.1.tlog
C:\Users\Jonathan Chu\Documents\My Dropbox\School Work\Fall 2012\CSCI 480\Project 3\assign3\assign3\Debug\link.6828.read.1.tlog
C:\Users\Jonathan Chu\Documents\My Dropbox\School Work\Fall 2012\CSCI 480\Project 3\assign3\assign3\Debug\link.6828.write.1.tlog
C:\Users\Jonathan Chu\Documents\My Dropbox\School Work\Fall 2012\CSCI 480\Project 3\assign3\assign3\Debug\link.6828-cvtres.read.1.tlog
C:\Users\Jonathan Chu\Documents\My Dropbox\School Work\Fall 2012\CSCI 480\Project 3\assign3\assign3\Debug\link.6828-cvtres.write.1.tlog
C:\Users\Jonathan Chu\Documents\My Dropbox\School Work\Fall 2012\CSCI 480\Project 3\assign3\assign3\Debug\link.7216.read.1.tlog
C:\Users\Jonathan Chu\Documents\My Dropbox\School Work\Fall 2012\CSCI 480\Project 3\assign3\assign3\Debug\link.7216.write.1.tlog
C:\Users\Jonathan Chu\Documents\My Dropbox\School Work\Fall 2012\CSCI 480\Project 3\assign3\assign3\Debug\link.7216-cvtres.read.1.tlog
C:\Users\Jonathan Chu\Documents\My Dropbox\School Work\Fall 2012\CSCI 480\Project 3\assign3\assign3\Debug\link.7216-cvtres.write.1.tlog
C:\Users\Jonathan Chu\Documents\My Dropbox\School Work\Fall 2012\CSCI 480\Project 3\assign3\assign3\Debug\link.7252.read.1.tlog
C:\Users\Jonathan Chu\Documents\My Dropbox\School Work\Fall 2012\CSCI 480\Project 3\assign3\assign3\Debug\link.7252.write.1.tlog
C:\Users\Jonathan Chu\Documents\My Dropbox\School Work\Fall 2012\CSCI 480\Project 3\assign3\assign3\Debug\link.7252-cvtres.read.1.tlog
C:\Users\Jonathan Chu\Documents\My Dropbox\School Work\Fall 2012\CSCI 480\Project 3\assign3\assign3\Debug\link.7252-cvtres.write.1.tlog
C:\Users\Jonathan Chu\Documents\My Dropbox\School Work\Fall 2012\CSCI 480\Project 3\assign3\assign3\Debug\link.7384.read.1.tlog
C:\Users\Jonathan Chu\Documents\My Dropbox\School Work\Fall 2012\CSCI 480\Project 3\assign3\assign3\Debug\link.7384.write.1.tlog
C:\Users\Jonathan Chu\Documents\My Dropbox\School Work\Fall 2012\CSCI 480\Project 3\assign3\assign3\Debug\link.7384-cvtres.read.1.tlog
C:\Users\Jonathan Chu\Documents\My Dropbox\School Work\Fall 2012\CSCI 480\Project 3\assign3\assign3\Debug\link.7384-cvtres.write.1.tlog
C:\Users\Jonathan Chu\Documents\My Dropbox\School Work\Fall 2012\CSCI 480\Project 3\assign3\assign3\Debug\link.7508.read.1.tlog
C:\Users\Jonathan Chu\Documents\My Dropbox\School Work\Fall 2012\CSCI 480\Project 3\assign3\assign3\Debug\link.7508.write.1.tlog
C:\Users\Jonathan Chu\Documents\My Dropbox\School Work\Fall 2012\CSCI 480\Project 3\assign3\assign3\Debug\link.7508-cvtres.read.1.tlog
C:\Users\Jonathan Chu\Documents\My Dropbox\School Work\Fall 2012\CSCI 480\Project 3\assign3\assign3\Debug\link.7508-cvtres.write.1.tlog
C:\Users\Jonathan Chu\Documents\My Dropbox\School Work\Fall 2012\CSCI 480\Project 3\assign3\assign3\Debug\link.7528.read.1.tlog
C:\Users\Jonathan Chu\Documents\My Dropbox\School Work\Fall 2012\CSCI 480\Project 3\assign3\assign3\Debug\link.7528.write.1.tlog
C:\Users\Jonathan Chu\Documents\My Dropbox\School Work\Fall 2012\CSCI 480\Project 3\assign3\assign3\Debug\link.7528-cvtres.read.1.tlog
C:\Users\Jonathan Chu\Documents\My Dropbox\School Work\Fall 2012\CSCI 480\Project 3\assign3\assign3\Debug\link.7528-cvtres.write.1.tlog
C:\Users\Jonathan Chu\Documents\My Dropbox\School Work\Fall 2012\CSCI 480\Project 3\assign3\assign3\Debug\link.7956.read.1.tlog
C:\Users\Jonathan Chu\Documents\My Dropbox\School Work\Fall 2012\CSCI 480\Project 3\assign3\assign3\Debug\link.7956.write.1.tlog
C:\Users\Jonathan Chu\Documents\My Dropbox\School Work\Fall 2012\CSCI 480\Project 3\assign3\assign3\Debug\link.7956-cvtres.read.1.tlog
C:\Users\Jonathan Chu\Documents\My Dropbox\School Work\Fall 2012\CSCI 480\Project 3\assign3\assign3\Debug\link.7956-cvtres.write.1.tlog
C:\Users\Jonathan Chu\Documents\My Dropbox\School Work\Fall 2012\CSCI 480\Project 3\assign3\assign3\Debug\link.8072.read.1.tlog
C:\Users\Jonathan Chu\Documents\My Dropbox\School Work\Fall 2012\CSCI 480\Project 3\assign3\assign3\Debug\link.8072.write.1.tlog
C:\Users\Jonathan Chu\Documents\My Dropbox\School Work\Fall 2012\CSCI 480\Project 3\assign3\assign3\Debug\link.8072-cvtres.read.1.tlog
C:\Users\Jonathan Chu\Documents\My Dropbox\School Work\Fall 2012\CSCI 480\Project 3\assign3\assign3\Debug\link.8072-cvtres.write.1.tlog
C:\Users\Jonathan Chu\Documents\My Dropbox\School Work\Fall 2012\CSCI 480\Project 3\assign3\assign3\Debug\link.command.1.tlog
C:\Users\Jonathan Chu\Documents\My Dropbox\School Work\Fall 2012\CSCI 480\Project 3\assign3\assign3\Debug\link.read.1.tlog
C:\Users\Jonathan Chu\Documents\My Dropbox\School Work\Fall 2012\CSCI 480\Project 3\assign3\assign3\Debug\link.write.1.tlog
C:\USERS\JONATHAN CHU\DOCUMENTS\MY DROPBOX\SCHOOL WORK\FALL 2012\CSCI 480\PROJECT 3\ASSIGN3\ASSIGN3\DEBUG\MATRIX.OBJ
C:\Users\Jonathan Chu\Documents\My Dropbox\School Work\Fall 2012\CSCI 480\Project 3\assign3\assign3\Debug\mt.command.1.tlog
C:\Users\Jonathan Chu\Documents\My Dropbox\School Work\Fall 2012\CSCI 480\Project 3\assign3\assign3\Debug\mt.read.1.tlog
C:\Users\Jonathan Chu\Documents\My Dropbox\School Work\Fall 2012\CSCI 480\Project 3\assign3\assign3\Debug\mt.write.1.tlog
C:\USERS\JONATHAN CHU\DOCUMENTS\MY DROPBOX\SCHOOL WORK\FALL 2012\CSCI 480\PROJECT 3\ASSIGN3\ASSIGN3\DEBUG\PIXELBUFFER.OBJ
C:\USERS\JONATHAN CHU\DOCUMENTS\MY DROPBOX\SCHOOL WORK\FALL 2012\CSCI 480\PROJECT 3\ASSIGN3\ASSIGN3\DEBUG\RAY.OBJ
C:\Users\Jonathan Chu\Documents\My Dropbox\School Work\Fall 2012\CSCI 480\Project 3\assign3\assign3\Debug\rc.command.1.tlog
C:\Users\Jonathan Chu\Documents\My Dropbox\School Work\Fall 2012\CSCI 480\Project 3\assign3\assign3\Debug\rc.read.1.tlog
C:\Users\Jonathan Chu\Documents\My Dropbox\School Work\Fall 2012\CSCI 480\Project 3\assign3\assign3\Debug\rc.write.1.tlog
C:\Users\Jonathan Chu\Documents\My Dropbox\School Work\Fall 2012\CSCI 480\Project 3\assign3\assign3\Debug\vc100.idb
C:\USERS\JONATHAN CHU\DOCUMENTS\MY DROPBOX\SCHOOL WORK\FALL 2012\CSCI 480\PROJECT 3\ASSIGN3\ASSIGN3\DEBUG\VC100.PDB
C:\USERS\JONATHAN CHU\DOCUMENTS\MY DROPBOX\SCHOOL WORK\FALL 2012\CSCI 480\PROJECT 3\ASSIGN3\ASSIGN3\DEBUG\VECTOR.OBJ
C:\USERS\JONATHAN CHU\DOCUMENTS\MY DROPBOX\SCHOOL WORK\FALL 2012\CSCI 480\PROJECT 3\ASSIGN3\DEBUG\ASSIGN3.EXE
C:\USERS\JONATHAN CHU\DOCUMENTS\MY DROPBOX\SCHOOL WORK\FALL 2012\CSCI 480\PROJECT 3\ASSIGN3\DEBUG\ASSIGN3.ILK
C:\USERS\JONATHAN CHU\DOCUMENTS\MY DROPBOX\SCHOOL WORK\FALL 2012\CSCI 480\PROJECT 3\ASSIGN3\DEBUG\ASSIGN3.PDB
